[main 08140fa] backup 2026-05-29
 Committer: root <root@srv1291941.hstgr.cloud>
Your name and email address were configured automatically based
on your username and hostname. Please check that they are accurate.
You can suppress this message by setting them explicitly. Run the
following command and follow the instructions in your editor to edit
your configuration file:

    git config --global --edit

After doing this, you may fix the identity used for this commit with:

    git commit --amend --reset-author

 2 files changed, 441 insertions(+)
 create mode 100644 backup.log
 create mode 100644 backup_20260529_020001.sql
To github.com:Genaixa/twp-db-backups.git
   534c7eb..08140fa  main -> main
[main 77f62cf] backup 2026-05-30
 Committer: root <root@srv1291941.hstgr.cloud>
Your name and email address were configured automatically based
on your username and hostname. Please check that they are accurate.
You can suppress this message by setting them explicitly. Run the
following command and follow the instructions in your editor to edit
your configuration file:

    git config --global --edit

After doing this, you may fix the identity used for this commit with:

    git commit --amend --reset-author

 2 files changed, 460 insertions(+)
 create mode 100644 backup_20260530_020001.sql
To github.com:Genaixa/twp-db-backups.git
   08140fa..77f62cf  main -> main
[main 1bfab91] backup 2026-05-31
 Committer: root <root@srv1291941.hstgr.cloud>
Your name and email address were configured automatically based
on your username and hostname. Please check that they are accurate.
You can suppress this message by setting them explicitly. Run the
following command and follow the instructions in your editor to edit
your configuration file:

    git config --global --edit

After doing this, you may fix the identity used for this commit with:

    git commit --amend --reset-author

 2 files changed, 459 insertions(+)
 create mode 100644 backup_20260531_020001.sql
To github.com:Genaixa/twp-db-backups.git
   77f62cf..1bfab91  main -> main
[main 8e1f007] backup 2026-06-01
 Committer: root <root@srv1291941.hstgr.cloud>
Your name and email address were configured automatically based
on your username and hostname. Please check that they are accurate.
You can suppress this message by setting them explicitly. Run the
following command and follow the instructions in your editor to edit
your configuration file:

    git config --global --edit

After doing this, you may fix the identity used for this commit with:

    git commit --amend --reset-author

 2 files changed, 459 insertions(+)
 create mode 100644 backup_20260601_020001.sql
To github.com:Genaixa/twp-db-backups.git
   1bfab91..8e1f007  main -> main
[main acad9bb] backup 2026-06-02
 Committer: root <root@srv1291941.hstgr.cloud>
Your name and email address were configured automatically based
on your username and hostname. Please check that they are accurate.
You can suppress this message by setting them explicitly. Run the
following command and follow the instructions in your editor to edit
your configuration file:

    git config --global --edit

After doing this, you may fix the identity used for this commit with:

    git commit --amend --reset-author

 2 files changed, 516 insertions(+)
 create mode 100644 backup_20260602_020001.sql
To github.com:Genaixa/twp-db-backups.git
   8e1f007..acad9bb  main -> main
[main 465ada7] backup 2026-06-03
 Committer: root <root@srv1291941.hstgr.cloud>
Your name and email address were configured automatically based
on your username and hostname. Please check that they are accurate.
You can suppress this message by setting them explicitly. Run the
following command and follow the instructions in your editor to edit
your configuration file:

    git config --global --edit

After doing this, you may fix the identity used for this commit with:

    git commit --amend --reset-author

 2 files changed, 527 insertions(+)
 create mode 100644 backup_20260603_020001.sql
To github.com:Genaixa/twp-db-backups.git
   acad9bb..465ada7  main -> main
